<?xml version="1.0" encoding="UTF-8"?>
<coverage generated="1730040193991" clover="3.2.0">
  <project timestamp="1730040193992" name="All files">
    <metrics statements="51" coveredstatements="48" conditionals="16" coveredconditionals="13" methods="8" coveredmethods="7" elements="75" coveredelements="68" complexity="0" loc="51" ncloc="51" packages="3" files="3" classes="3"/>
    <package name="src">
      <metrics statements="14" coveredstatements="11" conditionals="4" coveredconditionals="1" methods="2" coveredmethods="1"/>
      <file name="server.js" path="/Users/bhuvanshree/shopping_cart/src/server.js">
        <metrics statements="14" coveredstatements="11" conditionals="4" coveredconditionals="1" methods="2" coveredmethods="1"/>
        <line num="1" count="3" type="stmt"/>
        <line num="2" count="3" type="stmt"/>
        <line num="3" count="3" type="stmt"/>
        <line num="4" count="3" type="stmt"/>
        <line num="5" count="3" type="stmt"/>
        <line num="6" count="1216" type="stmt"/>
        <line num="7" count="1216" type="stmt"/>
        <line num="8" count="1" type="stmt"/>
        <line num="12" count="1215" type="stmt"/>
        <line num="15" count="3" type="stmt"/>
        <line num="17" count="3" type="cond" truecount="1" falsecount="1"/>
        <line num="18" count="0" type="cond" truecount="0" falsecount="2"/>
        <line num="19" count="0" type="stmt"/>
        <line num="20" count="0" type="stmt"/>
      </file>
    </package>
    <package name="src.api">
      <metrics statements="15" coveredstatements="15" conditionals="12" coveredconditionals="12" methods="2" coveredmethods="2"/>
      <file name="userRegistration.js" path="/Users/bhuvanshree/shopping_cart/src/api/userRegistration.js">
        <metrics statements="15" coveredstatements="15" conditionals="12" coveredconditionals="12" methods="2" coveredmethods="2"/>
        <line num="1" count="4" type="stmt"/>
        <line num="2" count="4" type="stmt"/>
        <line num="3" count="1224" type="stmt"/>
        <line num="4" count="1224" type="cond" truecount="6" falsecount="0"/>
        <line num="5" count="5" type="stmt"/>
        <line num="7" count="1219" type="cond" truecount="2" falsecount="0"/>
        <line num="8" count="1214" type="stmt"/>
        <line num="10" count="5" type="cond" truecount="2" falsecount="0"/>
        <line num="11" count="1" type="stmt"/>
        <line num="13" count="4" type="cond" truecount="2" falsecount="0"/>
        <line num="14" count="1" type="stmt"/>
        <line num="16" count="3" type="stmt"/>
        <line num="17" count="3" type="stmt"/>
        <line num="18" count="3" type="stmt"/>
        <line num="22" count="4" type="stmt"/>
      </file>
    </package>
    <package name="src.db">
      <metrics statements="22" coveredstatements="22" conditionals="0" coveredconditionals="0" methods="4" coveredmethods="4"/>
      <file name="database.js" path="/Users/bhuvanshree/shopping_cart/src/db/database.js">
        <metrics statements="22" coveredstatements="22" conditionals="0" coveredconditionals="0" methods="4" coveredmethods="4"/>
        <line num="1" count="1" type="stmt"/>
        <line num="5" count="3" type="stmt"/>
        <line num="14" count="1" type="stmt"/>
        <line num="15" count="1" type="stmt"/>
        <line num="16" count="1" type="stmt"/>
        <line num="17" count="1" type="stmt"/>
        <line num="18" count="1" type="stmt"/>
        <line num="21" count="1" type="stmt"/>
        <line num="25" count="1" type="stmt"/>
        <line num="26" count="1" type="stmt"/>
        <line num="27" count="1" type="stmt"/>
        <line num="28" count="1" type="stmt"/>
        <line num="29" count="1" type="stmt"/>
        <line num="32" count="1" type="stmt"/>
        <line num="36" count="1" type="stmt"/>
        <line num="37" count="1" type="stmt"/>
        <line num="38" count="1" type="stmt"/>
        <line num="39" count="1" type="stmt"/>
        <line num="40" count="1" type="stmt"/>
        <line num="41" count="1" type="stmt"/>
        <line num="44" count="1" type="stmt"/>
        <line num="47" count="1" type="stmt"/>
      </file>
    </package>
  </project>
</coverage>
