{"/Users/bhuvanshree/shopping_cart/src/server.js": {"path":"/Users/bhuvanshree/shopping_cart/src/server.js","statementMap":{"0":{"start":{"line":1,"column":16},"end":{"line":1,"column":34}},"1":{"start":{"line":2,"column":27},"end":{"line":2,"column":60}},"2":{"start":{"line":3,"column":12},"end":{"line":3,"column":21}},"3":{"start":{"line":4,"column":0},"end":{"line":4,"column":23}},"4":{"start":{"line":5,"column":0},"end":{"line":14,"column":2}},"5":{"start":{"line":6,"column":4},"end":{"line":13,"column":5}},"6":{"start":{"line":7,"column":8},"end":{"line":7,"column":72}},"7":{"start":{"line":8,"column":8},"end":{"line":8,"column":47}},"8":{"start":{"line":12,"column":8},"end":{"line":12,"column":41}},"9":{"start":{"line":15,"column":0},"end":{"line":15,"column":21}},"10":{"start":{"line":17,"column":0},"end":{"line":22,"column":1}},"11":{"start":{"line":18,"column":17},"end":{"line":18,"column":41}},"12":{"start":{"line":19,"column":4},"end":{"line":21,"column":7}},"13":{"start":{"line":20,"column":8},"end":{"line":20,"column":57}}},"fnMap":{"0":{"name":"(anonymous_0)","decl":{"start":{"line":5,"column":21},"end":{"line":5,"column":22}},"loc":{"start":{"line":5,"column":32},"end":{"line":14,"column":1}},"line":5},"1":{"name":"(anonymous_1)","decl":{"start":{"line":19,"column":21},"end":{"line":19,"column":22}},"loc":{"start":{"line":19,"column":27},"end":{"line":21,"column":5}},"line":19}},"branchMap":{"0":{"loc":{"start":{"line":17,"column":0},"end":{"line":22,"column":1}},"type":"if","locations":[{"start":{"line":17,"column":0},"end":{"line":22,"column":1}},{"start":{},"end":{}}],"line":17},"1":{"loc":{"start":{"line":18,"column":17},"end":{"line":18,"column":41}},"type":"binary-expr","locations":[{"start":{"line":18,"column":17},"end":{"line":18,"column":33}},{"start":{"line":18,"column":37},"end":{"line":18,"column":41}}],"line":18}},"s":{"0":3,"1":3,"2":3,"3":3,"4":3,"5":1216,"6":1216,"7":1,"8":1215,"9":3,"10":3,"11":0,"12":0,"13":0},"f":{"0":1216,"1":0},"b":{"0":[0,3],"1":[0,0]},"_coverageSchema":"1a1c01bbd47fc00a2c39e90264f33305004495a9","hash":"9038beb5f8efed3af4545906b2fa9da4047bc467"}
,"/Users/bhuvanshree/shopping_cart/src/api/userRegistration.js": {"path":"/Users/bhuvanshree/shopping_cart/src/api/userRegistration.js","statementMap":{"0":{"start":{"line":1,"column":12},"end":{"line":1,"column":14}},"1":{"start":{"line":2,"column":25},"end":{"line":21,"column":1}},"2":{"start":{"line":3,"column":31},"end":{"line":3,"column":44}},"3":{"start":{"line":4,"column":4},"end":{"line":6,"column":5}},"4":{"start":{"line":5,"column":8},"end":{"line":5,"column":56}},"5":{"start":{"line":7,"column":4},"end":{"line":9,"column":5}},"6":{"start":{"line":8,"column":8},"end":{"line":8,"column":41}},"7":{"start":{"line":10,"column":4},"end":{"line":12,"column":5}},"8":{"start":{"line":11,"column":8},"end":{"line":11,"column":68}},"9":{"start":{"line":13,"column":4},"end":{"line":15,"column":5}},"10":{"start":{"line":13,"column":27},"end":{"line":13,"column":47}},"11":{"start":{"line":14,"column":8},"end":{"line":14,"column":47}},"12":{"start":{"line":16,"column":17},"end":{"line":16,"column":42}},"13":{"start":{"line":17,"column":4},"end":{"line":17,"column":21}},"14":{"start":{"line":18,"column":4},"end":{"line":18,"column":16}},"15":{"start":{"line":22,"column":0},"end":{"line":22,"column":38}}},"fnMap":{"0":{"name":"(anonymous_0)","decl":{"start":{"line":2,"column":25},"end":{"line":2,"column":26}},"loc":{"start":{"line":2,"column":52},"end":{"line":21,"column":1}},"line":2},"1":{"name":"(anonymous_1)","decl":{"start":{"line":13,"column":19},"end":{"line":13,"column":20}},"loc":{"start":{"line":13,"column":27},"end":{"line":13,"column":47}},"line":13}},"branchMap":{"0":{"loc":{"start":{"line":4,"column":4},"end":{"line":6,"column":5}},"type":"if","locations":[{"start":{"line":4,"column":4},"end":{"line":6,"column":5}},{"start":{},"end":{}}],"line":4},"1":{"loc":{"start":{"line":4,"column":8},"end":{"line":4,"column":69}},"type":"binary-expr","locations":[{"start":{"line":4,"column":8},"end":{"line":4,"column":13}},{"start":{"line":4,"column":17},"end":{"line":4,"column":23}},{"start":{"line":4,"column":27},"end":{"line":4,"column":36}},{"start":{"line":4,"column":40},"end":{"line":4,"column":69}}],"line":4},"2":{"loc":{"start":{"line":7,"column":4},"end":{"line":9,"column":5}},"type":"if","locations":[{"start":{"line":7,"column":4},"end":{"line":9,"column":5}},{"start":{},"end":{}}],"line":7},"3":{"loc":{"start":{"line":10,"column":4},"end":{"line":12,"column":5}},"type":"if","locations":[{"start":{"line":10,"column":4},"end":{"line":12,"column":5}},{"start":{},"end":{}}],"line":10},"4":{"loc":{"start":{"line":13,"column":4},"end":{"line":15,"column":5}},"type":"if","locations":[{"start":{"line":13,"column":4},"end":{"line":15,"column":5}},{"start":{},"end":{}}],"line":13}},"s":{"0":4,"1":4,"2":1224,"3":1224,"4":5,"5":1219,"6":1214,"7":5,"8":1,"9":4,"10":2,"11":1,"12":3,"13":3,"14":3,"15":4},"f":{"0":1224,"1":2},"b":{"0":[5,1219],"1":[1224,1222,1220,1219],"2":[1214,5],"3":[1,4],"4":[1,3]},"_coverageSchema":"1a1c01bbd47fc00a2c39e90264f33305004495a9","hash":"2221ad05f3067cd4934fd9a3af0469bd18e3a93c"}
,"/Users/bhuvanshree/shopping_cart/src/db/database.js": {"path":"/Users/bhuvanshree/shopping_cart/src/db/database.js","statementMap":{"0":{"start":{"line":1,"column":14},"end":{"line":1,"column":39}},"1":{"start":{"line":5,"column":3},"end":{"line":10,"column":6}},"2":{"start":{"line":14,"column":23},"end":{"line":14,"column":47}},"3":{"start":{"line":15,"column":4},"end":{"line":22,"column":5}},"4":{"start":{"line":16,"column":16},"end":{"line":16,"column":65}},"5":{"start":{"line":17,"column":19},"end":{"line":17,"column":31}},"6":{"start":{"line":18,"column":4},"end":{"line":18,"column":40}},"7":{"start":{"line":21,"column":8},"end":{"line":21,"column":30}},"8":{"start":{"line":25,"column":23},"end":{"line":25,"column":47}},"9":{"start":{"line":26,"column":4},"end":{"line":33,"column":5}},"10":{"start":{"line":27,"column":16},"end":{"line":27,"column":56}},"11":{"start":{"line":28,"column":19},"end":{"line":28,"column":26}},"12":{"start":{"line":29,"column":4},"end":{"line":29,"column":40}},"13":{"start":{"line":32,"column":8},"end":{"line":32,"column":30}},"14":{"start":{"line":36,"column":23},"end":{"line":36,"column":47}},"15":{"start":{"line":37,"column":4},"end":{"line":45,"column":5}},"16":{"start":{"line":38,"column":16},"end":{"line":38,"column":58}},"17":{"start":{"line":39,"column":19},"end":{"line":39,"column":26}},"18":{"start":{"line":40,"column":18},"end":{"line":40,"column":54}},"19":{"start":{"line":41,"column":4},"end":{"line":41,"column":24}},"20":{"start":{"line":44,"column":8},"end":{"line":44,"column":30}},"21":{"start":{"line":47,"column":0},"end":{"line":47,"column":48}}},"fnMap":{"0":{"name":"createConnection","decl":{"start":{"line":4,"column":15},"end":{"line":4,"column":31}},"loc":{"start":{"line":4,"column":33},"end":{"line":11,"column":1}},"line":4},"1":{"name":"updateUser","decl":{"start":{"line":13,"column":15},"end":{"line":13,"column":25}},"loc":{"start":{"line":13,"column":37},"end":{"line":23,"column":1}},"line":13},"2":{"name":"deleteUser","decl":{"start":{"line":24,"column":15},"end":{"line":24,"column":25}},"loc":{"start":{"line":24,"column":32},"end":{"line":34,"column":1}},"line":24},"3":{"name":"getUser","decl":{"start":{"line":35,"column":15},"end":{"line":35,"column":22}},"loc":{"start":{"line":35,"column":29},"end":{"line":46,"column":1}},"line":35}},"branchMap":{},"s":{"0":1,"1":3,"2":1,"3":1,"4":1,"5":1,"6":1,"7":1,"8":1,"9":1,"10":1,"11":1,"12":1,"13":1,"14":1,"15":1,"16":1,"17":1,"18":1,"19":1,"20":1,"21":1},"f":{"0":3,"1":1,"2":1,"3":1},"b":{},"_coverageSchema":"1a1c01bbd47fc00a2c39e90264f33305004495a9","hash":"0a99a610e04e2ceb8ace540d43991b4163b1930e"}
}
