TN:
SF:src/server.js
FN:5,(anonymous_0)
FN:19,(anonymous_1)
FNF:2
FNH:1
FNDA:1216,(anonymous_0)
FNDA:0,(anonymous_1)
DA:1,3
DA:2,3
DA:3,3
DA:4,3
DA:5,3
DA:6,1216
DA:7,1216
DA:8,1
DA:12,1215
DA:15,3
DA:17,3
DA:18,0
DA:19,0
DA:20,0
LF:14
LH:11
BRDA:17,0,0,0
BRDA:17,0,1,3
BRDA:18,1,0,0
BRDA:18,1,1,0
BRF:4
BRH:1
end_of_record
TN:
SF:src/api/userRegistration.js
FN:2,(anonymous_0)
FN:13,(anonymous_1)
FNF:2
FNH:2
FNDA:1224,(anonymous_0)
FNDA:2,(anonymous_1)
DA:1,4
DA:2,4
DA:3,1224
DA:4,1224
DA:5,5
DA:7,1219
DA:8,1214
DA:10,5
DA:11,1
DA:13,4
DA:14,1
DA:16,3
DA:17,3
DA:18,3
DA:22,4
LF:15
LH:15
BRDA:4,0,0,5
BRDA:4,0,1,1219
BRDA:4,1,0,1224
BRDA:4,1,1,1222
BRDA:4,1,2,1220
BRDA:4,1,3,1219
BRDA:7,2,0,1214
BRDA:7,2,1,5
BRDA:10,3,0,1
BRDA:10,3,1,4
BRDA:13,4,0,1
BRDA:13,4,1,3
BRF:12
BRH:12
end_of_record
TN:
SF:src/db/database.js
FN:4,createConnection
FN:13,updateUser
FN:24,deleteUser
FN:35,getUser
FNF:4
FNH:4
FNDA:3,createConnection
FNDA:1,updateUser
FNDA:1,deleteUser
FNDA:1,getUser
DA:1,1
DA:5,3
DA:14,1
DA:15,1
DA:16,1
DA:17,1
DA:18,1
DA:21,1
DA:25,1
DA:26,1
DA:27,1
DA:28,1
DA:29,1
DA:32,1
DA:36,1
DA:37,1
DA:38,1
DA:39,1
DA:40,1
DA:41,1
DA:44,1
DA:47,1
LF:22
LH:22
BRF:0
BRH:0
end_of_record
